<?xml version="1.0" encoding="UTF-8" ?>
<testsuite tests="26" failures="0" name="com.vdzon.msw.cucumber.RegressionTest" time="30.834" errors="0" skipped="0">
  <properties>
    <property name="java.runtime.name" value="Java(TM) SE Runtime Environment"/>
    <property name="sun.boot.library.path" value="/usr/lib/jvm/java-8-oracle/jre/lib/amd64"/>
    <property name="java.vm.version" value="25.66-b17"/>
    <property name="browser" value="remote"/>
    <property name="java.vm.vendor" value="Oracle Corporation"/>
    <property name="java.vendor.url" value="http://java.oracle.com/"/>
    <property name="path.separator" value=":"/>
    <property name="guice.disable.misplaced.annotation.check" value="true"/>
    <property name="java.vm.name" value="Java HotSpot(TM) 64-Bit Server VM"/>
    <property name="file.encoding.pkg" value="sun.io"/>
    <property name="user.country" value="US"/>
    <property name="sun.java.launcher" value="SUN_STANDARD"/>
    <property name="sun.os.patch.level" value="unknown"/>
    <property name="java.vm.specification.name" value="Java Virtual Machine Specification"/>
    <property name="user.dir" value="/workspace/sportwedstrijden"/>
    <property name="java.runtime.version" value="1.8.0_66-b17"/>
    <property name="java.awt.graphicsenv" value="sun.awt.X11GraphicsEnvironment"/>
    <property name="java.endorsed.dirs" value="/usr/lib/jvm/java-8-oracle/jre/lib/endorsed"/>
    <property name="os.arch" value="amd64"/>
    <property name="java.io.tmpdir" value="/tmp"/>
    <property name="line.separator" value="
"/>
    <property name="java.vm.specification.vendor" value="Oracle Corporation"/>
    <property name="os.name" value="Linux"/>
    <property name="classworlds.conf" value="/usr/share/maven/bin/m2.conf"/>
    <property name="sun.jnu.encoding" value="UTF-8"/>
    <property name="seleniumurl" value="http://188.166.91.214:4444/wd/hub"/>
    <property name="java.library.path" value="/usr/java/packages/lib/amd64:/usr/lib64:/lib64:/lib:/usr/lib"/>
    <property name="java.specification.name" value="Java Platform API Specification"/>
    <property name="java.class.version" value="52.0"/>
    <property name="sun.management.compiler" value="HotSpot 64-Bit Tiered Compilers"/>
    <property name="os.version" value="3.19.0-37-generic"/>
    <property name="user.home" value="/root"/>
    <property name="user.timezone" value="Europe/Amsterdam"/>
    <property name="java.awt.printerjob" value="sun.print.PSPrinterJob"/>
    <property name="java.specification.version" value="1.8"/>
    <property name="file.encoding" value="UTF-8"/>
    <property name="user.name" value="root"/>
    <property name="java.class.path" value="/usr/share/maven/boot/plexus-classworlds-2.x.jar"/>
    <property name="testurl" value="http://149.210.235.58/"/>
    <property name="java.vm.specification.version" value="1.8"/>
    <property name="sun.arch.data.model" value="64"/>
    <property name="java.home" value="/usr/lib/jvm/java-8-oracle/jre"/>
    <property name="sun.java.command" value="org.codehaus.plexus.classworlds.launcher.Launcher test -Dtesturl=http://149.210.235.58/ -Dseleniumurl=http://188.166.91.214:4444/wd/hub -Dbrowser=remote test -f ./cucumber/pom.xml"/>
    <property name="java.specification.vendor" value="Oracle Corporation"/>
    <property name="user.language" value="en"/>
    <property name="awt.toolkit" value="sun.awt.X11.XToolkit"/>
    <property name="java.vm.info" value="mixed mode"/>
    <property name="java.version" value="1.8.0_66"/>
    <property name="java.ext.dirs" value="/usr/lib/jvm/java-8-oracle/jre/lib/ext:/usr/java/packages/lib/ext"/>
    <property name="securerandom.source" value="file:/dev/./urandom"/>
    <property name="sun.boot.class.path" value="/usr/lib/jvm/java-8-oracle/jre/lib/resources.jar:/usr/lib/jvm/java-8-oracle/jre/lib/rt.jar:/usr/lib/jvm/java-8-oracle/jre/lib/sunrsasign.jar:/usr/lib/jvm/java-8-oracle/jre/lib/jsse.jar:/usr/lib/jvm/java-8-oracle/jre/lib/jce.jar:/usr/lib/jvm/java-8-oracle/jre/lib/charsets.jar:/usr/lib/jvm/java-8-oracle/jre/lib/jfr.jar:/usr/lib/jvm/java-8-oracle/jre/classes"/>
    <property name="java.vendor" value="Oracle Corporation"/>
    <property name="maven.home" value="/usr/share/maven"/>
    <property name="file.separator" value="/"/>
    <property name="java.vendor.url.bug" value="http://bugreport.sun.com/bugreport/"/>
    <property name="sun.cpu.endian" value="little"/>
    <property name="sun.io.unicode.encoding" value="UnicodeLittle"/>
    <property name="sun.cpu.isalist" value=""/>
  </properties>
  <testcase classname="Given I navigate to the home page     " name="Given I navigate to the home page     " time="0.008"/>
  <testcase classname="When I press login      " name="When I press login      " time="0.009"/>
  <testcase classname="When I try to login with \&apos;valid\&apos; credentials       " name="When I try to login with \&apos;valid\&apos; credentials       " time="0.001"/>
  <testcase classname="Then I should see that I logged in \&apos;successfully\&apos;        " name="Then I should see that I logged in \&apos;successfully\&apos;        " time="0.002"/>
  <testcase classname="Then I logout         " name="Then I logout         " time="0"/>
  <testcase classname="| valid | successfully |    " name="| valid | successfully |    " time="0.001"/>
  <testcase classname="Given I navigate to the home page           " name="Given I navigate to the home page           " time="0"/>
  <testcase classname="When I press login            " name="When I press login            " time="0"/>
  <testcase classname="When I try to login with \&apos;invalid\&apos; credentials             " name="When I try to login with \&apos;invalid\&apos; credentials             " time="0"/>
  <testcase classname="Then I should see that I logged in \&apos;unsuccessfully\&apos;              " name="Then I should see that I logged in \&apos;unsuccessfully\&apos;              " time="0"/>
  <testcase classname="Then I logout               " name="Then I logout               " time="0"/>
  <testcase classname="| invalid | unsuccessfully |          " name="| invalid | unsuccessfully |          " time="0.001"/>
  <testcase classname="When I logout                  " name="When I logout                  " time="0"/>
  <testcase classname="Given I navigate to the home page                   " name="Given I navigate to the home page                   " time="0"/>
  <testcase classname="When I press login                    " name="When I press login                    " time="0"/>
  <testcase classname="When I try to login with \&apos;valid\&apos; credentials                     " name="When I try to login with \&apos;valid\&apos; credentials                     " time="0"/>
  <testcase classname="When I press competition main button                      " name="When I press competition main button                      " time="0"/>
  <testcase classname="Then I should see the compotitions page                       " name="Then I should see the compotitions page                       " time="0"/>
  <testcase classname="Scenario: Open the competition page                 " name="Scenario: Open the competition page                 " time="0"/>
  <testcase classname="When I logout                         " name="When I logout                         " time="0"/>
  <testcase classname="Given I navigate to the home page                          " name="Given I navigate to the home page                          " time="0.001"/>
  <testcase classname="When I press login                           " name="When I press login                           " time="0"/>
  <testcase classname="When I try to login with \&apos;valid\&apos; credentials                            " name="When I try to login with \&apos;valid\&apos; credentials                            " time="0"/>
  <testcase classname="When I press competition main button                             " name="When I press competition main button                             " time="0"/>
  <testcase classname="Then I should see the compotitions page                              " name="Then I should see the compotitions page                              " time="0.001"/>
  <testcase classname="Scenario: Open the competition page again                        " name="Scenario: Open the competition page again                        " time="0.001"/>
</testsuite>